<?xml version="1.0" encoding="UTF-8"?>
<testsuite name="com.example.easychat.ExampleUnitTest" tests="1" skipped="0" failures="0" errors="0" timestamp="2023-12-06T16:34:26" hostname="DESKTOP-DN2FI4E" time="0.004">
  <properties/>
  <testcase name="addition_isCorrect" classname="com.example.easychat.ExampleUnitTest" time="0.004"/>
  <system-out><![CDATA[]]></system-out>
  <system-err><![CDATA[]]></system-err>
</testsuite>
